Confusion matrix: True and Predicted
963	0	2	2	0	3	7	1	2	0
0 1106	3	2	0	2	4	2	16	0
11	6	951	10	10	1	12	9	19	3
5	0	21	927	0	22	3	10	18	4
1	1	5	2	916	2	12	2	8	33
11	1	1	34	4	792	13	3	27	6
11	3	4	0	10	15	909	1	5	0
5	7	29	9	7	2	0	940	2	27
10	5	6	24	8	21	13	8	874	5
13	8	2	12	26	7	0	10	9	922
Confusion matrix: True and Adversarial Predicted
930	0	8	4	1	17	11	3	5	1
0 1033	15	8	1	7	5	5	61	0
15	18	849	24	18	8	12	23	56	9
9	0	42	744	3	109	10	18	63	12
7	3	29	5	803	5	11	6	31	82
22	5	15	94	18	637	25	15	43	18
31	3	28	3	27	36	812	5	13	0
10	10	75	17	18	8	0	822	9	59
14	11	29	77	14	44	26	19	722	18
16	11	6	29	101	24	1	24	24	773
Confusion matrix difference: Adversarial - Predicted
-33	0	6	2	1	14	4	2	3	1
0	-73	12	6	1	5	1	3	45	0
4	12-102	14	8	7	0	14	37	6
4	0	21-183	3	87	7	8	45	8
6	2	24	3-113	3	-1	4	23	49
11	4	14	60	14-155	12	12	16	12
20	0	24	3	17	21	-97	4	8	0
5	3	46	8	11	6	0-118	7	32
4	6	23	53	6	23	13	11-152	13
3	3	4	17	75	17	1	14	15-149
Confusion matrix: True and Perturbations
0	67	81 437	7 204 103	17	32	32
62	0 369 224	1	39	7 127 302	4
51	87	0 416	38	53	90	49 160	88
42	7 145	28	8 404	74	39 203	60
32	0 356 160	0	18	0 416	0	0
106	12	61 261	42	0	58	45 200 107
110	0 222 330	94	93	0	40	43	26
25	0 216 224	0	40	58	0 447	18
52	30 163 334	38 188	67	72	0	30
23	13 278	82	2 120 468	18	5	0
Confusion matrix difference: Adversarial - Perturbations
930	-67	-73 -433	-6 -187	-92	-14	-27	-31
-62 1033 -354 -216	0	-32	-2 -122 -241	-4
-36	-69	849 -392	-20	-45	-78	-26 -104	-79
-33	-7 -103	716	-5 -295	-64	-21 -140	-48
-25	3 -327 -155	803	-13	11 -410	31	82
-84	-7	-46 -167	-24	637	-33	-30 -157	-89
-79	3 -194 -327	-67	-57	812	-35	-30	-26
-15	10 -141 -207	18	-32	-58	822 -438	41
-38	-19 -134 -257	-24 -144	-41	-53	722	-12
-7	-2 -272	-53	99	-96 -467	6	19	773