-30.992523193359375
-0.0005884823040105402
-34.83058547973633
-37.32647705078125
-39.2735710144043
-0.29352012276649475
-34.12135696411133
-3.313963316031732e-05
-32.52106857299805
-38.15462112426758
-0.00029023250681348145
-34.53144073486328
-7.986990567587782e-06
-0.17972125113010406
-33.8569450378418
-23.597017288208008
-0.02982192672789097
-24.68358612060547
-49.56804275512695
-40.152156829833984
-25.099905014038086
-0.08648423105478287
-43.35990905761719
-35.62018585205078
-32.37642288208008
-0.0011562574654817581
-44.50801086425781
-8.4638240878121e-06
-7.092700980138034e-05
-23.495845794677734
-0.0008532935753464699
-0.015390678308904171
-0.09718923270702362
-35.06025314331055
-0.020993990823626518
-28.74683952331543
-19.30962371826172
-0.0031022538896650076
-25.375402450561523
-30.94068145751953
-36.86176681518555
-28.80576515197754
-32.86764144897461
-40.36418151855469
-4.60137271147687e-05
-41.67711639404297
-29.150672912597656
-0.0003274143091402948
-35.720001220703125
-0.001591488253325224
-0.00429659616202116
-0.0003002431185450405
-17.01335334777832
-49.60749053955078
-44.29023361206055
-23.097707748413086
-0.00021109737281221896
-35.883705139160156
-30.89752769470215
-40.469871520996094
-35.102989196777344
-47.46805953979492
-34.05426788330078
-21.797639846801758
-0.010114958509802818
-36.31024932861328
-27.796781539916992
-35.998008728027344
-32.363861083984375
-31.44021224975586
-29.28632354736328
-27.47624969482422
-34.146671295166016
-31.189516067504883
-0.0024266578257083893
-33.72954559326172
-38.333152770996094
-37.219688415527344
-32.52949523925781
-27.557756423950195
-43.3751220703125
-0.013442243449389935
-9.116705894470215
-0.007662665098905563
-33.180240631103516
-32.95609664916992
-15.538370132446289
-28.82314109802246
-0.00033301531220786273
-25.032339096069336
-0.0003363520372658968
-14.103307723999023
-40.60948181152344
-32.365631103515625
-25.068462371826172
-0.0020007132552564144
-33.86102294921875
-27.940454483032227
-0.0009964506607502699
-33.21470260620117
-19.89199447631836
-26.983667373657227
-35.922943115234375
-32.44013214111328
-33.16697692871094
-36.42572784423828
-33.25709915161133
-1.1920928244535389e-07
-22.928157806396484
-33.112884521484375
-19.369123458862305
-4.815939246327616e-05
-35.79368209838867
-38.578346252441406
-3.838465272565372e-05
-0.001685152412392199
-27.909414291381836
-36.745872497558594
-15.431009292602539
-0.0003116837178822607
-3.7199509143829346
-0.0005987281911075115
-6.882899284362793
-25.939924240112305
-38.76213073730469
-33.51337814331055
-15.10946273803711
-34.53944396972656
-37.74427795410156
-31.656604766845703
-0.0025624556001275778
-0.0040461113676428795
-32.96392822265625
-34.145790100097656
-48.86723709106445
0.0
-0.0009558399324305356
-28.184682846069336
-29.269479751586914
-23.68808937072754
-36.86279296875
-31.442031860351562
-30.556907653808594
-30.79920196533203
-30.292049407958984
-19.647563934326172
-29.423913955688477
-35.0158576965332
-36.81462478637695
-9.536738616588991e-07
-21.118650436401367
-0.02859954722225666
-34.95845413208008
-49.78391647338867
-35.043548583984375
-0.0008591298246756196
-0.0007476395112462342
-7.748573807475623e-06
-36.21584701538086
-27.899309158325195
-30.134002685546875
-0.0005334384622983634
-40.36247634887695
-25.024621963500977
-22.213869094848633
-0.02153116837143898
-24.583555221557617
-31.909626007080078
-34.879478454589844
-29.12771987915039
-38.50910186767578
-4.4225667807040736e-05
-34.38108444213867
-31.98236083984375
-34.847049713134766
-35.775428771972656
-40.79637908935547
-38.43368911743164
-13.017157554626465
-0.0008036244544200599
-35.289207458496094
-0.00022098960471339524
-29.9348087310791
-42.23487854003906
-34.92784881591797
-16.720117568969727
-28.981006622314453
-34.995357513427734
-0.001881259260699153
-23.382225036621094
-25.632564544677734
-22.03968620300293
-0.012020530179142952
-2.137176990509033
-33.870609283447266
-37.90226745605469
-0.11876864731311798
-23.117000579833984
-5.080146789550781
-22.85984230041504
-32.538028717041016
-27.200382232666016
-31.470962524414062
-0.00015269544383045286
-30.19196319580078
-37.61308288574219
-0.011844543740153313
-1.6478351354599
-36.806278228759766
-0.00032205163734033704
-29.710834503173828
-38.06034469604492
-38.20527648925781
-1.883488948806189e-05
-12.917258262634277
0.0
-27.52208137512207
-36.534263610839844
-26.396610260009766
-5.972207145532593e-05
-3.576272320060525e-06
-2.729855441430118e-05
-26.123249053955078
-27.581695556640625
-37.871036529541016
-31.69269561767578
-42.55473327636719
-42.180355072021484
-29.17576789855957
-0.0003923600015696138
-34.09177017211914
-37.357337951660156
-37.16379928588867
-7.033323527139146e-06
-32.66472625732422
-4.6491513785440475e-06
-6.103329360485077e-05
-25.379053115844727
-26.848163604736328
-25.091026306152344
-27.99017906188965
-0.0031583448871970177
-0.008931093849241734
-25.663711547851562
-30.657752990722656
-26.898658752441406
-33.84153366088867
-38.195980072021484
-32.56577682495117
-0.006283645983785391
-0.04685046523809433
-36.46001434326172
-0.0018314032349735498
-3.3378044463461265e-05
-28.93222427368164
-3.0517112463712692e-05
-58.0815544128418
-30.609783172607422
-35.26765060424805
-20.776397705078125
-27.596031188964844
-0.000597179401665926
-33.95738220214844
-31.03050994873047
-40.38068389892578
-8.516788482666016
-0.0023473347537219524
-41.590423583984375
-25.226818084716797
-37.606712341308594
-34.793724060058594
-30.867481231689453
-21.178483963012695
-21.719451904296875
-54.29949951171875
-36.31773376464844
-36.412017822265625
-9.536738616588991e-07
-27.21698760986328
-9.894321920000948e-06
-34.26085662841797
-1.6331539882230572e-05
-40.629783630371094
-0.00011085849109804258
-28.26542854309082
-40.3631706237793
-17.99563980102539
-25.859821319580078
-36.004032135009766
-28.603857040405273
-34.78814697265625
-1.0728830375228426e-06
-41.884239196777344
-0.011567898094654083
-26.765846252441406
-35.37191390991211
-0.0014616292901337147
-15.841181755065918
-0.0012045992771163583
-2.610649426060263e-05
-26.714839935302734
-32.88593673706055
-0.0021946171764284372
-0.0009460740839131176
-32.07826614379883
-32.57337188720703
-18.38324546813965
-26.637712478637695
-1.0728830375228426e-06
-28.58724021911621
-32.62355422973633
-0.0005093707586638629
-1.2993727978027891e-05
-41.00840377807617
-33.58796691894531
-38.54047393798828
-9.981257438659668
-0.0001641377166379243
-36.123809814453125
-40.454959869384766
-15.786408424377441
-3.015949550899677e-05
-42.42471694946289
-0.0002083561266772449
-22.441068649291992
-0.0016480210470035672
-0.0019328974885866046
-7.748573807475623e-06
-2.9682672902708873e-05
-0.0007389436941593885
-6.625597953796387
-24.590791702270508
-0.032799482345581055
-35.4140625
-29.015640258789062
-13.724639892578125
-44.18806457519531
-23.726585388183594
-30.782894134521484
-3.576272320060525e-06
-35.89870071411133
-1.4305104514278355e-06
-53.36763000488281
-0.00865730457007885
-31.676708221435547
-36.99724197387695
-47.0153694152832
-9.894321920000948e-06
-24.44666862487793
-16.33201789855957
-43.427330017089844
-33.14229202270508
-24.380062103271484
-30.50369644165039
-37.85134506225586
-29.493457794189453
-0.00015090756642166525
-36.82353210449219
-33.870662689208984
-0.00010787858627736568
-7.390948667307384e-06
-7.152555099310121e-07
-31.529476165771484
-39.325252532958984
-50.971778869628906
-5.9602869441732764e-05
-33.75614547729492
-0.0001494772732257843
-32.56658172607422
-0.003290835302323103
-38.49645233154297
-25.688966751098633
-42.94241714477539
-0.0013523490633815527
-35.44929885864258
-5.125986263010418e-06
-23.973115921020508
-19.525894165039062
-6.556489552167477e-06
-42.914581298828125
-12.862607955932617
-5.376194530981593e-05
-36.6282958984375
-37.87023162841797
-25.944786071777344
-6.997340824455023e-05
-28.852182388305664
-30.34416961669922
-39.5450439453125
-35.44037628173828
-27.429813385009766
-33.91404342651367
-2.3841830625315197e-06
-0.0005418977816589177
-33.56666946411133
-0.00025233422638848424
-29.051109313964844
-36.36037826538086
-33.68948745727539
-0.00195312371943146
-0.00014327930693980306
-22.8579044342041
-0.003021558281034231
-0.005199244245886803
-33.0255012512207
-2.9205850296420977e-05
-33.89068603515625
-18.063142776489258
-36.958621978759766
-37.189186096191406
-36.897464752197266
-31.774944305419922
-50.253334045410156
-0.0006727101281285286
-28.74024200439453
-17.982444763183594
-31.628210067749023
-33.287109375
-31.257543563842773
-37.980506896972656
-0.014635936357080936
-0.0001629458274692297
-32.00126647949219
-37.47639083862305
-33.444705963134766
-1.4857354164123535
-0.006349390838295221
-0.00023493390472140163
-39.82099533081055
-5.793403761344962e-05
-30.8783016204834
-0.0012627016985788941
-4.529942543740617e-06
-2.264974000354414e-06
-35.682315826416016
-4.815939246327616e-05
-40.17228698730469
-0.25362563133239746
-33.28114318847656
-24.989770889282227
-32.4224739074707
-37.47291564941406
-30.902578353881836
-31.13080596923828
-42.396121978759766
-0.03286627680063248
-27.402118682861328
-35.38068389892578
-21.96210289001465
-0.0011195826809853315
-37.78504943847656
-0.006106765940785408
-0.000993711524643004
-0.0065432824194431305
-32.56309509277344
-36.89544677734375
-5.404266357421875
-10.22387981414795
-7.497983460780233e-05
-0.002847428433597088
-45.422447204589844
-26.868040084838867
-6.627816765103489e-05
-21.115812301635742
-0.0007159530650824308
-0.0010740946745499969
-35.11681365966797
-24.01625633239746
-33.18598937988281
-18.280736923217773
-40.47001647949219
-45.58748245239258
-39.29017639160156
-13.09516429901123
-1.7404405298293568e-05
-36.05815887451172
-0.020447183400392532
-0.0013874676078557968
-18.461261749267578
-1.311301275563892e-06
-0.004062139429152012
-25.843852996826172
-44.99066925048828
-26.7337589263916
-33.5112419128418
-0.0010896942112594843
-0.0008880723617039621
-47.321807861328125
-31.296384811401367
-0.07954050600528717
-1.728519782773219e-05
-28.4290828704834
-40.98741149902344
-12.674697875976562
-22.79486083984375
-0.00013076403411105275
-0.0003156163729727268
-39.525550842285156
-28.052202224731445
-0.004560664761811495
-26.160125732421875
-48.350494384765625
-28.539291381835938
-0.001150065683759749
-2.5748875486897305e-05
-14.491954803466797
-27.884958267211914
-33.014404296875
-38.37492752075195
-26.768041610717773
-36.651268005371094
-31.25849151611328
-0.00013600854435935616
-21.399900436401367
-26.527725219726562
-3.814689989667386e-06
-0.0005607224884442985
-5.555344581604004
-37.024478912353516
-0.0029708081856369972
-33.18272018432617
-29.14290428161621
-29.081623077392578
-24.557409286499023
-21.25400733947754
-32.25442123413086
-4.708655978902243e-05
-0.088067427277565
-18.388708114624023
-47.840660095214844
-16.701322555541992
-28.349905014038086
-0.0014846028061583638
-35.81805419921875
-30.42108154296875
-37.532936096191406
-0.002145014703273773
-28.140796661376953
-36.17515563964844
-0.004265140276402235
-30.095308303833008
-32.48978805541992
-25.60396957397461
-14.561760902404785
-28.143686294555664
-30.86901092529297
-0.0005198557628318667
-44.53859329223633
-26.254295349121094
-0.00016473367577418685
-36.78587341308594
-19.23725700378418
-32.91904067993164
-36.49294662475586
-30.503400802612305
-11.43972396850586
-35.573280334472656
-1.1920928244535389e-07
-37.50217819213867
-35.9554443359375
-34.857242584228516
-0.0005063920398242772
-14.58902359008789
-17.3327693939209
-27.398473739624023
-29.3112735748291
-39.91006088256836
-26.824932098388672
-8.764832496643066
-17.81976318359375
-0.0002795067266561091
-0.0014397265622392297
-34.5010986328125
-33.69966506958008
-0.00016437610611319542
-0.00358522217720747
-47.241477966308594
-0.0002828436263371259
-29.15399169921875
-10.677600860595703
-39.78510284423828
-0.00019333878299221396
-19.761571884155273
-45.31061553955078
-26.31831932067871
-23.187713623046875
-33.42579650878906
-38.73961639404297
-42.734703063964844
-32.02937316894531
-30.72283172607422
-0.0010492063593119383
-20.222946166992188
-35.46748352050781
-30.392078399658203
-38.94312286376953
-15.384592056274414
-30.264841079711914
-0.07247050851583481
-28.313644409179688
-42.27488708496094
-49.59834671020508
-35.28652572631836
-20.57077980041504
-33.869163513183594
-37.164241790771484
-33.51725769042969
-47.60054016113281
-36.90151596069336
-36.5316276550293
-0.008993829600512981
-35.13772201538086
-0.0012952042743563652
-0.00044967554276809096
-12.389594078063965
-3.814624506048858e-05
-23.81658363342285
-30.69906997680664
-33.09419631958008
-0.0015816095983609557
-0.0024743436370044947
-42.47734451293945
-0.004967846442013979
-31.534503936767578
-28.414918899536133
-0.0010418231831863523
-43.202388763427734
-25.591007232666016
-32.271915435791016
-0.0010483728256076574
-53.13286209106445
-39.3808708190918
-0.010691976174712181
-27.367908477783203
-30.575366973876953
-42.477481842041016
-33.470272064208984
-39.998023986816406
-33.673622131347656
-0.0004076126788277179
-0.010555626824498177
-36.478755950927734
-0.0004477690381463617
-0.00010835537250386551
-39.601932525634766
-1.0728830375228426e-06
-45.81064987182617
-30.943927764892578
-34.59459686279297
-0.00020895205670967698
-22.02396583557129
-27.00231170654297
-23.433021545410156
-0.1055021733045578
-32.64498519897461
-22.468387603759766
-0.003192092990502715
-0.0008828318095766008
-0.002820206806063652
-0.06564928591251373
-30.966524124145508
-38.796688079833984
-12.503451347351074
-33.833900451660156
-0.0005466635921038687
-12.786834716796875
-30.27606773376465
-0.08528927713632584
-12.250383377075195
-0.00016723664884921163
-30.888517379760742
-35.63607406616211
-26.856048583984375
-0.0002766464895103127
-40.54351043701172
-8.725739462533966e-05
-36.50291442871094
-23.453262329101562
-34.71961975097656
-0.16751177608966827
-36.926578521728516
-9.512448741588742e-05
-46.81940460205078
-26.932100296020508
-9.894321920000948e-06
-0.002074115676805377
-29.334964752197266
-34.134918212890625
-26.354263305664062
-0.013154391199350357
-30.556779861450195
-34.337440490722656
-35.59878921508789
-0.14222197234630585
-28.351465225219727
-2.9802276912960224e-06
-36.337039947509766
-30.450355529785156
-38.132362365722656
-0.0009529816452413797
-31.433374404907227
-0.0010932666482403874
-0.007867774926126003
-18.771696090698242
-46.388832092285156
-26.278898239135742
-25.068422317504883
-27.001863479614258
-27.122844696044922
-0.0033282621297985315
-39.7630615234375
-38.04435729980469
-30.455425262451172
-3.2782016205601394e-05
-0.009604200720787048
-1.0371154530730564e-05
-32.70962905883789
-0.00034421717282384634
-43.88739776611328
-5.900685573578812e-05
-31.735931396484375
-0.0007697956170886755
-1.1920922133867862e-06
-27.582950592041016
-18.522493362426758
-0.0014588914345949888
-33.572689056396484
-34.505592346191406
-34.09872055053711
-28.946125030517578
-11.523262023925781
-5.8412379075889476e-06
-6.318072337307967e-06
-0.0010511117288842797
-0.0005882440018467605
-3.540453326422721e-05
-28.246889114379883
-0.03787052258849144
-31.4940128326416
-6.018901348114014
-35.19839859008789
-29.687524795532227
-0.034228380769491196
-0.015510759316384792
-40.560081481933594
-22.18119239807129
-51.59911346435547
-32.708702087402344
-0.023465551435947418
-34.18365478515625
-31.065473556518555
-0.0012530578533187509
-0.0019913145806640387
-25.702980041503906
-51.81318664550781
-31.15130615234375
-0.4908251464366913
-0.0004704084130935371
-0.0036772743333131075
-0.0007689617923460901
-25.664077758789062
-0.0004680253332480788
-31.020780563354492
-0.0056482478976249695
-28.67572021484375
-36.66297149658203
-25.578580856323242
-0.0002640137099660933
-3.7630889415740967
-0.0002330270071979612
-53.96468734741211
-6.711257447022945e-05
-27.6893253326416
-28.36665916442871
-6.079655122448457e-06
-27.871137619018555
-20.024595260620117
-0.6625537276268005
-29.002737045288086
-29.381526947021484
-33.162471771240234
-0.0511455312371254
-49.32543182373047
-35.299072265625
-33.21860122680664
-0.0010804060148075223
-30.799013137817383
-0.0012399612460285425
-55.563419342041016
-2.3007127310847864e-05
-21.589635848999023
-20.960790634155273
-29.414154052734375
-26.852548599243164
-0.0004076126788277179
-28.28590202331543
-0.09407953172922134
-0.0008287570672109723
-33.03865051269531
-20.91102409362793
-37.50260543823242
-0.0003250309091527015
-25.699018478393555
-29.15202522277832
